{"C:\\Users\\Juan Pablo Madriaga\\Documents\\antigravity\\projects\\vcenter-provisioner\\apps\\api-gateway\\src\\index.ts": {"path":"C:\\Users\\Juan Pablo Madriaga\\Documents\\antigravity\\projects\\vcenter-provisioner\\apps\\api-gateway\\src\\index.ts","statementMap":{"0":{"start":{"line":7,"column":0},"end":{"line":7,"column":null}},"1":{"start":{"line":9,"column":13},"end":{"line":9,"column":null}},"2":{"start":{"line":10,"column":13},"end":{"line":10,"column":null}},"3":{"start":{"line":11,"column":21},"end":{"line":11,"column":null}},"4":{"start":{"line":13,"column":25},"end":{"line":13,"column":null}},"5":{"start":{"line":14,"column":27},"end":{"line":14,"column":null}},"6":{"start":{"line":15,"column":25},"end":{"line":15,"column":null}},"7":{"start":{"line":17,"column":28},"end":{"line":75,"column":null}},"8":{"start":{"line":18,"column":10},"end":{"line":20,"column":null}},"9":{"start":{"line":22,"column":4},"end":{"line":24,"column":null}},"10":{"start":{"line":26,"column":4},"end":{"line":38,"column":null}},"11":{"start":{"line":27,"column":8},"end":{"line":37,"column":null}},"12":{"start":{"line":28,"column":31},"end":{"line":28,"column":null}},"13":{"start":{"line":29,"column":12},"end":{"line":29,"column":null}},"14":{"start":{"line":29,"column":29},"end":{"line":29,"column":null}},"15":{"start":{"line":31,"column":29},"end":{"line":33,"column":null}},"16":{"start":{"line":34,"column":12},"end":{"line":34,"column":null}},"17":{"start":{"line":36,"column":12},"end":{"line":36,"column":null}},"18":{"start":{"line":40,"column":4},"end":{"line":44,"column":null}},"19":{"start":{"line":46,"column":28},"end":{"line":62,"column":null}},"20":{"start":{"line":47,"column":8},"end":{"line":49,"column":null}},"21":{"start":{"line":48,"column":12},"end":{"line":48,"column":null}},"22":{"start":{"line":51,"column":8},"end":{"line":55,"column":null}},"23":{"start":{"line":57,"column":8},"end":{"line":61,"column":null}},"24":{"start":{"line":64,"column":4},"end":{"line":64,"column":null}},"25":{"start":{"line":66,"column":4},"end":{"line":68,"column":null}},"26":{"start":{"line":67,"column":8},"end":{"line":67,"column":null}},"27":{"start":{"line":70,"column":4},"end":{"line":72,"column":null}},"28":{"start":{"line":71,"column":8},"end":{"line":71,"column":null}},"29":{"start":{"line":74,"column":4},"end":{"line":74,"column":null}},"30":{"start":{"line":77,"column":14},"end":{"line":86,"column":null}},"31":{"start":{"line":78,"column":4},"end":{"line":85,"column":null}},"32":{"start":{"line":79,"column":23},"end":{"line":79,"column":null}},"33":{"start":{"line":80,"column":8},"end":{"line":80,"column":null}},"34":{"start":{"line":81,"column":8},"end":{"line":81,"column":null}},"35":{"start":{"line":83,"column":8},"end":{"line":83,"column":null}},"36":{"start":{"line":84,"column":8},"end":{"line":84,"column":null}},"37":{"start":{"line":88,"column":17},"end":{"line":90,"column":null}},"38":{"start":{"line":89,"column":4},"end":{"line":89,"column":null}},"39":{"start":{"line":92,"column":0},"end":{"line":92,"column":null}},"40":{"start":{"line":93,"column":0},"end":{"line":93,"column":null}},"41":{"start":{"line":95,"column":0},"end":{"line":97,"column":null}},"42":{"start":{"line":96,"column":4},"end":{"line":96,"column":null}}},"fnMap":{"0":{"name":"(anonymous_0)","decl":{"start":{"line":17,"column":28},"end":{"line":17,"column":35}},"loc":{"start":{"line":17,"column":78},"end":{"line":75,"column":null}},"line":17},"1":{"name":"(anonymous_1)","decl":{"start":{"line":26,"column":36},"end":{"line":26,"column":43}},"loc":{"start":{"line":26,"column":72},"end":{"line":38,"column":5}},"line":26},"2":{"name":"(anonymous_2)","decl":{"start":{"line":46,"column":28},"end":{"line":46,"column":35}},"loc":{"start":{"line":46,"column":64},"end":{"line":62,"column":null}},"line":46},"3":{"name":"(anonymous_3)","decl":{"start":{"line":47,"column":38},"end":{"line":47,"column":45}},"loc":{"start":{"line":47,"column":64},"end":{"line":49,"column":9}},"line":47},"4":{"name":"(anonymous_4)","decl":{"start":{"line":66,"column":26},"end":{"line":66,"column":38}},"loc":{"start":{"line":66,"column":38},"end":{"line":68,"column":5}},"line":66},"5":{"name":"(anonymous_5)","decl":{"start":{"line":70,"column":20},"end":{"line":70,"column":32}},"loc":{"start":{"line":70,"column":32},"end":{"line":72,"column":5}},"line":70},"6":{"name":"(anonymous_6)","decl":{"start":{"line":77,"column":14},"end":{"line":77,"column":26}},"loc":{"start":{"line":77,"column":26},"end":{"line":86,"column":null}},"line":77},"7":{"name":"(anonymous_7)","decl":{"start":{"line":88,"column":17},"end":{"line":88,"column":29}},"loc":{"start":{"line":88,"column":29},"end":{"line":90,"column":null}},"line":88}},"branchMap":{"0":{"loc":{"start":{"line":9,"column":22},"end":{"line":9,"column":50}},"type":"binary-expr","locations":[{"start":{"line":9,"column":22},"end":{"line":9,"column":42}},{"start":{"line":9,"column":42},"end":{"line":9,"column":50}}],"line":9},"1":{"loc":{"start":{"line":10,"column":13},"end":{"line":10,"column":null}},"type":"binary-expr","locations":[{"start":{"line":10,"column":13},"end":{"line":10,"column":33}},{"start":{"line":10,"column":33},"end":{"line":10,"column":null}}],"line":10},"2":{"loc":{"start":{"line":11,"column":21},"end":{"line":11,"column":null}},"type":"binary-expr","locations":[{"start":{"line":11,"column":21},"end":{"line":11,"column":57}},{"start":{"line":11,"column":57},"end":{"line":11,"column":null}}],"line":11},"3":{"loc":{"start":{"line":13,"column":25},"end":{"line":13,"column":null}},"type":"binary-expr","locations":[{"start":{"line":13,"column":25},"end":{"line":13,"column":57}},{"start":{"line":13,"column":57},"end":{"line":13,"column":null}}],"line":13},"4":{"loc":{"start":{"line":14,"column":27},"end":{"line":14,"column":null}},"type":"binary-expr","locations":[{"start":{"line":14,"column":27},"end":{"line":14,"column":61}},{"start":{"line":14,"column":61},"end":{"line":14,"column":null}}],"line":14},"5":{"loc":{"start":{"line":15,"column":25},"end":{"line":15,"column":null}},"type":"binary-expr","locations":[{"start":{"line":15,"column":25},"end":{"line":15,"column":57}},{"start":{"line":15,"column":57},"end":{"line":15,"column":null}}],"line":15},"6":{"loc":{"start":{"line":17,"column":35},"end":{"line":17,"column":78}},"type":"default-arg","locations":[{"start":{"line":17,"column":45},"end":{"line":17,"column":78}}],"line":17},"7":{"loc":{"start":{"line":19,"column":16},"end":{"line":19,"column":null}},"type":"cond-expr","locations":[{"start":{"line":19,"column":43},"end":{"line":19,"column":50}},{"start":{"line":19,"column":50},"end":{"line":19,"column":null}}],"line":19},"8":{"loc":{"start":{"line":23,"column":16},"end":{"line":23,"column":null}},"type":"cond-expr","locations":[{"start":{"line":23,"column":39},"end":{"line":23,"column":45}},{"start":{"line":23,"column":45},"end":{"line":23,"column":null}}],"line":23},"9":{"loc":{"start":{"line":29,"column":12},"end":{"line":29,"column":null}},"type":"if","locations":[{"start":{"line":29,"column":12},"end":{"line":29,"column":null}},{"start":{},"end":{}}],"line":29},"10":{"loc":{"start":{"line":95,"column":0},"end":{"line":97,"column":null}},"type":"if","locations":[{"start":{"line":95,"column":0},"end":{"line":97,"column":null}},{"start":{},"end":{}}],"line":95}},"s":{"0":1,"1":1,"2":1,"3":1,"4":1,"5":1,"6":1,"7":1,"8":1,"9":1,"10":1,"11":14,"12":14,"13":14,"14":1,"15":13,"16":10,"17":4,"18":1,"19":1,"20":1,"21":14,"22":1,"23":1,"24":1,"25":1,"26":2,"27":1,"28":1,"29":1,"30":1,"31":0,"32":0,"33":0,"34":0,"35":0,"36":0,"37":1,"38":0,"39":1,"40":1,"41":1,"42":0},"f":{"0":1,"1":14,"2":1,"3":14,"4":2,"5":1,"6":0,"7":0},"b":{"0":[1,1],"1":[1,1],"2":[1,1],"3":[1,1],"4":[1,1],"5":[1,1],"6":[1],"7":[0,1],"8":[1,0],"9":[1,13],"10":[0,1]},"meta":{"lastBranch":11,"lastFunction":8,"lastStatement":43,"seen":{"s:7:0:7:Infinity":0,"s:9:13:9:Infinity":1,"b:9:22:9:42:9:42:9:50":0,"s:10:13:10:Infinity":2,"b:10:13:10:33:10:33:10:Infinity":1,"s:11:21:11:Infinity":3,"b:11:21:11:57:11:57:11:Infinity":2,"s:13:25:13:Infinity":4,"b:13:25:13:57:13:57:13:Infinity":3,"s:14:27:14:Infinity":5,"b:14:27:14:61:14:61:14:Infinity":4,"s:15:25:15:Infinity":6,"b:15:25:15:57:15:57:15:Infinity":5,"s:17:28:75:Infinity":7,"f:17:28:17:35":0,"b:17:45:17:78":6,"s:18:10:20:Infinity":8,"b:19:43:19:50:19:50:19:Infinity":7,"s:22:4:24:Infinity":9,"b:23:39:23:45:23:45:23:Infinity":8,"s:26:4:38:Infinity":10,"f:26:36:26:43":1,"s:27:8:37:Infinity":11,"s:28:31:28:Infinity":12,"b:29:12:29:Infinity:undefined:undefined:undefined:undefined":9,"s:29:12:29:Infinity":13,"s:29:29:29:Infinity":14,"s:31:29:33:Infinity":15,"s:34:12:34:Infinity":16,"s:36:12:36:Infinity":17,"s:40:4:44:Infinity":18,"s:46:28:62:Infinity":19,"f:46:28:46:35":2,"s:47:8:49:Infinity":20,"f:47:38:47:45":3,"s:48:12:48:Infinity":21,"s:51:8:55:Infinity":22,"s:57:8:61:Infinity":23,"s:64:4:64:Infinity":24,"s:66:4:68:Infinity":25,"f:66:26:66:38":4,"s:67:8:67:Infinity":26,"s:70:4:72:Infinity":27,"f:70:20:70:32":5,"s:71:8:71:Infinity":28,"s:74:4:74:Infinity":29,"s:77:14:86:Infinity":30,"f:77:14:77:26":6,"s:78:4:85:Infinity":31,"s:79:23:79:Infinity":32,"s:80:8:80:Infinity":33,"s:81:8:81:Infinity":34,"s:83:8:83:Infinity":35,"s:84:8:84:Infinity":36,"s:88:17:90:Infinity":37,"f:88:17:88:29":7,"s:89:4:89:Infinity":38,"s:92:0:92:Infinity":39,"s:93:0:93:Infinity":40,"b:95:0:97:Infinity:undefined:undefined:undefined:undefined":10,"s:95:0:97:Infinity":41,"s:96:4:96:Infinity":42}}}
}
