{"C:\\Users\\Juan Pablo Madriaga\\Documents\\antigravity\\projects\\vcenter-provisioner\\apps\\auth-service\\src\\db.ts": {"path":"C:\\Users\\Juan Pablo Madriaga\\Documents\\antigravity\\projects\\vcenter-provisioner\\apps\\auth-service\\src\\db.ts","statementMap":{"0":{"start":{"line":6,"column":0},"end":{"line":6,"column":null}},"1":{"start":{"line":8,"column":15},"end":{"line":8,"column":null}},"2":{"start":{"line":9,"column":22},"end":{"line":9,"column":null}},"3":{"start":{"line":11,"column":6},"end":{"line":22,"column":null}},"4":{"start":{"line":25,"column":4},"end":{"line":25,"column":null}},"5":{"start":{"line":25,"column":16},"end":{"line":25,"column":null}},"6":{"start":{"line":27,"column":4},"end":{"line":44,"column":null}},"7":{"start":{"line":28,"column":25},"end":{"line":28,"column":null}},"8":{"start":{"line":29,"column":8},"end":{"line":41,"column":null}},"9":{"start":{"line":30,"column":26},"end":{"line":30,"column":null}},"10":{"start":{"line":30,"column":63},"end":{"line":30,"column":81}},"11":{"start":{"line":31,"column":12},"end":{"line":40,"column":null}},"12":{"start":{"line":32,"column":28},"end":{"line":32,"column":null}},"13":{"start":{"line":33,"column":35},"end":{"line":33,"column":null}},"14":{"start":{"line":33,"column":62},"end":{"line":33,"column":70}},"15":{"start":{"line":34,"column":16},"end":{"line":38,"column":null}},"16":{"start":{"line":35,"column":20},"end":{"line":37,"column":null}},"17":{"start":{"line":36,"column":24},"end":{"line":36,"column":null}},"18":{"start":{"line":39,"column":16},"end":{"line":39,"column":null}},"19":{"start":{"line":43,"column":8},"end":{"line":43,"column":null}},"20":{"start":{"line":47,"column":0},"end":{"line":54,"column":null}},"21":{"start":{"line":49,"column":8},"end":{"line":49,"column":null}},"22":{"start":{"line":50,"column":8},"end":{"line":50,"column":null}},"23":{"start":{"line":53,"column":8},"end":{"line":53,"column":null}},"24":{"start":{"line":57,"column":0},"end":{"line":68,"column":null}},"25":{"start":{"line":58,"column":4},"end":{"line":67,"column":null}},"26":{"start":{"line":60,"column":12},"end":{"line":60,"column":null}},"27":{"start":{"line":61,"column":12},"end":{"line":61,"column":null}},"28":{"start":{"line":62,"column":12},"end":{"line":62,"column":null}},"29":{"start":{"line":63,"column":12},"end":{"line":63,"column":null}},"30":{"start":{"line":64,"column":12},"end":{"line":64,"column":null}},"31":{"start":{"line":66,"column":20},"end":{"line":66,"column":76}},"32":{"start":{"line":67,"column":24},"end":{"line":67,"column":73}}},"fnMap":{"0":{"name":"runSeeds","decl":{"start":{"line":24,"column":15},"end":{"line":24,"column":26}},"loc":{"start":{"line":24,"column":26},"end":{"line":45,"column":null}},"line":24},"1":{"name":"(anonymous_1)","decl":{"start":{"line":30,"column":58},"end":{"line":30,"column":63}},"loc":{"start":{"line":30,"column":63},"end":{"line":30,"column":81}},"line":30},"2":{"name":"(anonymous_2)","decl":{"start":{"line":33,"column":57},"end":{"line":33,"column":62}},"loc":{"start":{"line":33,"column":62},"end":{"line":33,"column":70}},"line":33},"3":{"name":"(anonymous_3)","decl":{"start":{"line":48,"column":10},"end":{"line":48,"column":16}},"loc":{"start":{"line":48,"column":16},"end":{"line":51,"column":5}},"line":48},"4":{"name":"(anonymous_4)","decl":{"start":{"line":52,"column":11},"end":{"line":52,"column":12}},"loc":{"start":{"line":52,"column":20},"end":{"line":54,"column":5}},"line":52},"5":{"name":"(anonymous_5)","decl":{"start":{"line":59,"column":41},"end":{"line":59,"column":42}},"loc":{"start":{"line":59,"column":52},"end":{"line":65,"column":9}},"line":59},"6":{"name":"(anonymous_6)","decl":{"start":{"line":66,"column":14},"end":{"line":66,"column":20}},"loc":{"start":{"line":66,"column":20},"end":{"line":66,"column":76}},"line":66},"7":{"name":"(anonymous_7)","decl":{"start":{"line":67,"column":15},"end":{"line":67,"column":16}},"loc":{"start":{"line":67,"column":24},"end":{"line":67,"column":73}},"line":67}},"branchMap":{"0":{"loc":{"start":{"line":12,"column":12},"end":{"line":12,"column":null}},"type":"cond-expr","locations":[{"start":{"line":12,"column":21},"end":{"line":12,"column":33}},{"start":{"line":12,"column":33},"end":{"line":12,"column":null}}],"line":12},"1":{"loc":{"start":{"line":13,"column":16},"end":{"line":13,"column":null}},"type":"cond-expr","locations":[{"start":{"line":13,"column":25},"end":{"line":13,"column":39}},{"start":{"line":13,"column":39},"end":{"line":13,"column":null}}],"line":13},"2":{"loc":{"start":{"line":13,"column":39},"end":{"line":13,"column":null}},"type":"binary-expr","locations":[{"start":{"line":13,"column":39},"end":{"line":13,"column":61}},{"start":{"line":13,"column":61},"end":{"line":13,"column":null}}],"line":13},"3":{"loc":{"start":{"line":14,"column":10},"end":{"line":14,"column":null}},"type":"cond-expr","locations":[{"start":{"line":14,"column":19},"end":{"line":14,"column":40}},{"start":{"line":14,"column":40},"end":{"line":14,"column":null}}],"line":14},"4":{"loc":{"start":{"line":25,"column":4},"end":{"line":25,"column":null}},"type":"if","locations":[{"start":{"line":25,"column":4},"end":{"line":25,"column":null}},{"start":{},"end":{}}],"line":25},"5":{"loc":{"start":{"line":29,"column":8},"end":{"line":41,"column":null}},"type":"if","locations":[{"start":{"line":29,"column":8},"end":{"line":41,"column":null}},{"start":{},"end":{}}],"line":29},"6":{"loc":{"start":{"line":35,"column":20},"end":{"line":37,"column":null}},"type":"if","locations":[{"start":{"line":35,"column":20},"end":{"line":37,"column":null}},{"start":{},"end":{}}],"line":35},"7":{"loc":{"start":{"line":57,"column":0},"end":{"line":68,"column":null}},"type":"if","locations":[{"start":{"line":57,"column":0},"end":{"line":68,"column":null}},{"start":{},"end":{}}],"line":57}},"s":{"0":1,"1":1,"2":1,"3":1,"4":0,"5":0,"6":0,"7":0,"8":0,"9":0,"10":0,"11":0,"12":0,"13":0,"14":0,"15":0,"16":0,"17":0,"18":0,"19":0,"20":1,"21":0,"22":0,"23":1,"24":1,"25":1,"26":1,"27":1,"28":1,"29":1,"30":1,"31":1,"32":0},"f":{"0":0,"1":0,"2":0,"3":0,"4":1,"5":1,"6":1,"7":0},"b":{"0":[1,0],"1":[1,0],"2":[0,0],"3":[1,0],"4":[0,0],"5":[0,0],"6":[0,0],"7":[1,0]},"meta":{"lastBranch":8,"lastFunction":8,"lastStatement":33,"seen":{"s:6:0:6:Infinity":0,"s:8:15:8:Infinity":1,"s:9:22:9:Infinity":2,"s:11:6:22:Infinity":3,"b:12:21:12:33:12:33:12:Infinity":0,"b:13:25:13:39:13:39:13:Infinity":1,"b:13:39:13:61:13:61:13:Infinity":2,"b:14:19:14:40:14:40:14:Infinity":3,"f:24:15:24:26":0,"b:25:4:25:Infinity:undefined:undefined:undefined:undefined":4,"s:25:4:25:Infinity":4,"s:25:16:25:Infinity":5,"s:27:4:44:Infinity":6,"s:28:25:28:Infinity":7,"b:29:8:41:Infinity:undefined:undefined:undefined:undefined":5,"s:29:8:41:Infinity":8,"s:30:26:30:Infinity":9,"f:30:58:30:63":1,"s:30:63:30:81":10,"s:31:12:40:Infinity":11,"s:32:28:32:Infinity":12,"s:33:35:33:Infinity":13,"f:33:57:33:62":2,"s:33:62:33:70":14,"s:34:16:38:Infinity":15,"b:35:20:37:Infinity:undefined:undefined:undefined:undefined":6,"s:35:20:37:Infinity":16,"s:36:24:36:Infinity":17,"s:39:16:39:Infinity":18,"s:43:8:43:Infinity":19,"s:47:0:54:Infinity":20,"f:48:10:48:16":3,"s:49:8:49:Infinity":21,"s:50:8:50:Infinity":22,"f:52:11:52:12":4,"s:53:8:53:Infinity":23,"b:57:0:68:Infinity:undefined:undefined:undefined:undefined":7,"s:57:0:68:Infinity":24,"s:58:4:67:Infinity":25,"f:59:41:59:42":5,"s:60:12:60:Infinity":26,"s:61:12:61:Infinity":27,"s:62:12:62:Infinity":28,"s:63:12:63:Infinity":29,"s:64:12:64:Infinity":30,"f:66:14:66:20":6,"s:66:20:66:76":31,"f:67:15:67:16":7,"s:67:24:67:73":32}}}
,"C:\\Users\\Juan Pablo Madriaga\\Documents\\antigravity\\projects\\vcenter-provisioner\\apps\\auth-service\\src\\index.ts": {"path":"C:\\Users\\Juan Pablo Madriaga\\Documents\\antigravity\\projects\\vcenter-provisioner\\apps\\auth-service\\src\\index.ts","statementMap":{"0":{"start":{"line":6,"column":0},"end":{"line":6,"column":null}},"1":{"start":{"line":8,"column":13},"end":{"line":8,"column":null}},"2":{"start":{"line":9,"column":13},"end":{"line":9,"column":null}},"3":{"start":{"line":11,"column":14},"end":{"line":33,"column":null}},"4":{"start":{"line":12,"column":4},"end":{"line":32,"column":null}},"5":{"start":{"line":13,"column":23},"end":{"line":13,"column":null}},"6":{"start":{"line":15,"column":8},"end":{"line":15,"column":null}},"7":{"start":{"line":16,"column":8},"end":{"line":16,"column":null}},"8":{"start":{"line":19,"column":28},"end":{"line":19,"column":null}},"9":{"start":{"line":20,"column":8},"end":{"line":28,"column":null}},"10":{"start":{"line":21,"column":34},"end":{"line":21,"column":null}},"11":{"start":{"line":22,"column":12},"end":{"line":26,"column":null}},"12":{"start":{"line":27,"column":12},"end":{"line":27,"column":null}},"13":{"start":{"line":30,"column":8},"end":{"line":30,"column":null}},"14":{"start":{"line":31,"column":8},"end":{"line":31,"column":null}},"15":{"start":{"line":35,"column":17},"end":{"line":37,"column":null}},"16":{"start":{"line":36,"column":4},"end":{"line":36,"column":null}},"17":{"start":{"line":39,"column":0},"end":{"line":39,"column":null}},"18":{"start":{"line":40,"column":0},"end":{"line":40,"column":null}},"19":{"start":{"line":42,"column":0},"end":{"line":42,"column":null}}},"fnMap":{"0":{"name":"(anonymous_0)","decl":{"start":{"line":11,"column":14},"end":{"line":11,"column":26}},"loc":{"start":{"line":11,"column":26},"end":{"line":33,"column":null}},"line":11},"1":{"name":"(anonymous_1)","decl":{"start":{"line":35,"column":17},"end":{"line":35,"column":29}},"loc":{"start":{"line":35,"column":29},"end":{"line":37,"column":null}},"line":35}},"branchMap":{"0":{"loc":{"start":{"line":8,"column":22},"end":{"line":8,"column":50}},"type":"binary-expr","locations":[{"start":{"line":8,"column":22},"end":{"line":8,"column":42}},{"start":{"line":8,"column":42},"end":{"line":8,"column":50}}],"line":8},"1":{"loc":{"start":{"line":9,"column":13},"end":{"line":9,"column":null}},"type":"binary-expr","locations":[{"start":{"line":9,"column":13},"end":{"line":9,"column":33}},{"start":{"line":9,"column":33},"end":{"line":9,"column":null}}],"line":9},"2":{"loc":{"start":{"line":20,"column":8},"end":{"line":28,"column":null}},"type":"if","locations":[{"start":{"line":20,"column":8},"end":{"line":28,"column":null}},{"start":{},"end":{}}],"line":20}},"s":{"0":0,"1":0,"2":0,"3":0,"4":0,"5":0,"6":0,"7":0,"8":0,"9":0,"10":0,"11":0,"12":0,"13":0,"14":0,"15":0,"16":0,"17":0,"18":0,"19":0},"f":{"0":0,"1":0},"b":{"0":[0,0],"1":[0,0],"2":[0,0]},"meta":{"lastBranch":3,"lastFunction":2,"lastStatement":20,"seen":{"s:6:0:6:Infinity":0,"s:8:13:8:Infinity":1,"b:8:22:8:42:8:42:8:50":0,"s:9:13:9:Infinity":2,"b:9:13:9:33:9:33:9:Infinity":1,"s:11:14:33:Infinity":3,"f:11:14:11:26":0,"s:12:4:32:Infinity":4,"s:13:23:13:Infinity":5,"s:15:8:15:Infinity":6,"s:16:8:16:Infinity":7,"s:19:28:19:Infinity":8,"b:20:8:28:Infinity:undefined:undefined:undefined:undefined":2,"s:20:8:28:Infinity":9,"s:21:34:21:Infinity":10,"s:22:12:26:Infinity":11,"s:27:12:27:Infinity":12,"s:30:8:30:Infinity":13,"s:31:8:31:Infinity":14,"s:35:17:37:Infinity":15,"f:35:17:35:29":1,"s:36:4:36:Infinity":16,"s:39:0:39:Infinity":17,"s:40:0:40:Infinity":18,"s:42:0:42:Infinity":19}}}
,"C:\\Users\\Juan Pablo Madriaga\\Documents\\antigravity\\projects\\vcenter-provisioner\\apps\\auth-service\\src\\server.ts": {"path":"C:\\Users\\Juan Pablo Madriaga\\Documents\\antigravity\\projects\\vcenter-provisioner\\apps\\auth-service\\src\\server.ts","statementMap":{"0":{"start":{"line":8,"column":21},"end":{"line":8,"column":null}},"1":{"start":{"line":9,"column":19},"end":{"line":9,"column":null}},"2":{"start":{"line":12,"column":19},"end":{"line":15,"column":null}},"3":{"start":{"line":18,"column":10},"end":{"line":20,"column":null}},"4":{"start":{"line":23,"column":4},"end":{"line":25,"column":null}},"5":{"start":{"line":28,"column":4},"end":{"line":30,"column":null}},"6":{"start":{"line":29,"column":8},"end":{"line":29,"column":null}},"7":{"start":{"line":33,"column":4},"end":{"line":35,"column":null}},"8":{"start":{"line":34,"column":8},"end":{"line":34,"column":null}},"9":{"start":{"line":38,"column":4},"end":{"line":63,"column":null}},"10":{"start":{"line":39,"column":23},"end":{"line":39,"column":null}},"11":{"start":{"line":40,"column":8},"end":{"line":42,"column":null}},"12":{"start":{"line":41,"column":12},"end":{"line":41,"column":null}},"13":{"start":{"line":44,"column":39},"end":{"line":44,"column":null}},"14":{"start":{"line":45,"column":30},"end":{"line":45,"column":null}},"15":{"start":{"line":47,"column":8},"end":{"line":62,"column":null}},"16":{"start":{"line":48,"column":27},"end":{"line":52,"column":null}},"17":{"start":{"line":54,"column":12},"end":{"line":54,"column":null}},"18":{"start":{"line":57,"column":12},"end":{"line":59,"column":null}},"19":{"start":{"line":58,"column":16},"end":{"line":58,"column":null}},"20":{"start":{"line":60,"column":12},"end":{"line":60,"column":null}},"21":{"start":{"line":61,"column":12},"end":{"line":61,"column":null}},"22":{"start":{"line":66,"column":4},"end":{"line":86,"column":null}},"23":{"start":{"line":67,"column":23},"end":{"line":67,"column":null}},"24":{"start":{"line":68,"column":8},"end":{"line":70,"column":null}},"25":{"start":{"line":69,"column":12},"end":{"line":69,"column":null}},"26":{"start":{"line":72,"column":39},"end":{"line":72,"column":null}},"27":{"start":{"line":74,"column":21},"end":{"line":74,"column":null}},"28":{"start":{"line":75,"column":8},"end":{"line":77,"column":null}},"29":{"start":{"line":76,"column":12},"end":{"line":76,"column":null}},"30":{"start":{"line":79,"column":22},"end":{"line":83,"column":null}},"31":{"start":{"line":85,"column":8},"end":{"line":85,"column":null}},"32":{"start":{"line":89,"column":4},"end":{"line":113,"column":null}},"33":{"start":{"line":96,"column":31},"end":{"line":96,"column":null}},"34":{"start":{"line":97,"column":12},"end":{"line":102,"column":null}},"35":{"start":{"line":98,"column":16},"end":{"line":98,"column":null}},"36":{"start":{"line":99,"column":12},"end":{"line":102,"column":null}},"37":{"start":{"line":101,"column":16},"end":{"line":101,"column":null}},"38":{"start":{"line":104,"column":12},"end":{"line":104,"column":null}},"39":{"start":{"line":104,"column":24},"end":{"line":104,"column":null}},"40":{"start":{"line":106,"column":12},"end":{"line":111,"column":null}},"41":{"start":{"line":107,"column":32},"end":{"line":107,"column":null}},"42":{"start":{"line":108,"column":16},"end":{"line":108,"column":null}},"43":{"start":{"line":110,"column":16},"end":{"line":110,"column":null}},"44":{"start":{"line":115,"column":4},"end":{"line":115,"column":null}}},"fnMap":{"0":{"name":"createServer","decl":{"start":{"line":17,"column":22},"end":{"line":17,"column":63}},"loc":{"start":{"line":17,"column":63},"end":{"line":116,"column":null}},"line":17},"1":{"name":"(anonymous_1)","decl":{"start":{"line":28,"column":26},"end":{"line":28,"column":38}},"loc":{"start":{"line":28,"column":38},"end":{"line":30,"column":5}},"line":28},"2":{"name":"(anonymous_2)","decl":{"start":{"line":33,"column":20},"end":{"line":33,"column":32}},"loc":{"start":{"line":33,"column":32},"end":{"line":35,"column":5}},"line":33},"3":{"name":"(anonymous_3)","decl":{"start":{"line":38,"column":29},"end":{"line":38,"column":36}},"loc":{"start":{"line":38,"column":55},"end":{"line":63,"column":5}},"line":38},"4":{"name":"(anonymous_4)","decl":{"start":{"line":66,"column":26},"end":{"line":66,"column":33}},"loc":{"start":{"line":66,"column":52},"end":{"line":86,"column":5}},"line":66},"5":{"name":"(anonymous_5)","decl":{"start":{"line":92,"column":17},"end":{"line":92,"column":24}},"loc":{"start":{"line":92,"column":43},"end":{"line":112,"column":null}},"line":92}},"branchMap":{"0":{"loc":{"start":{"line":8,"column":21},"end":{"line":8,"column":null}},"type":"binary-expr","locations":[{"start":{"line":8,"column":21},"end":{"line":8,"column":57}},{"start":{"line":8,"column":57},"end":{"line":8,"column":null}}],"line":8},"1":{"loc":{"start":{"line":9,"column":19},"end":{"line":9,"column":null}},"type":"binary-expr","locations":[{"start":{"line":9,"column":19},"end":{"line":9,"column":45}},{"start":{"line":9,"column":45},"end":{"line":9,"column":null}}],"line":9},"2":{"loc":{"start":{"line":24,"column":16},"end":{"line":24,"column":null}},"type":"cond-expr","locations":[{"start":{"line":24,"column":39},"end":{"line":24,"column":45}},{"start":{"line":24,"column":45},"end":{"line":24,"column":null}}],"line":24},"3":{"loc":{"start":{"line":40,"column":8},"end":{"line":42,"column":null}},"type":"if","locations":[{"start":{"line":40,"column":8},"end":{"line":42,"column":null}},{"start":{},"end":{}}],"line":40},"4":{"loc":{"start":{"line":57,"column":12},"end":{"line":59,"column":null}},"type":"if","locations":[{"start":{"line":57,"column":12},"end":{"line":59,"column":null}},{"start":{},"end":{}}],"line":57},"5":{"loc":{"start":{"line":57,"column":16},"end":{"line":57,"column":120}},"type":"binary-expr","locations":[{"start":{"line":57,"column":16},"end":{"line":57,"column":40}},{"start":{"line":57,"column":40},"end":{"line":57,"column":76}},{"start":{"line":57,"column":76},"end":{"line":57,"column":120}}],"line":57},"6":{"loc":{"start":{"line":68,"column":8},"end":{"line":70,"column":null}},"type":"if","locations":[{"start":{"line":68,"column":8},"end":{"line":70,"column":null}},{"start":{},"end":{}}],"line":68},"7":{"loc":{"start":{"line":75,"column":8},"end":{"line":77,"column":null}},"type":"if","locations":[{"start":{"line":75,"column":8},"end":{"line":77,"column":null}},{"start":{},"end":{}}],"line":75},"8":{"loc":{"start":{"line":75,"column":12},"end":{"line":75,"column":76}},"type":"binary-expr","locations":[{"start":{"line":75,"column":12},"end":{"line":75,"column":21}},{"start":{"line":75,"column":21},"end":{"line":75,"column":76}}],"line":75},"9":{"loc":{"start":{"line":97,"column":12},"end":{"line":102,"column":null}},"type":"if","locations":[{"start":{"line":97,"column":12},"end":{"line":102,"column":null}},{"start":{"line":99,"column":12},"end":{"line":102,"column":null}}],"line":97},"10":{"loc":{"start":{"line":99,"column":12},"end":{"line":102,"column":null}},"type":"if","locations":[{"start":{"line":99,"column":12},"end":{"line":102,"column":null}},{"start":{},"end":{}}],"line":99},"11":{"loc":{"start":{"line":99,"column":23},"end":{"line":99,"column":68}},"type":"binary-expr","locations":[{"start":{"line":99,"column":23},"end":{"line":99,"column":40}},{"start":{"line":99,"column":40},"end":{"line":99,"column":68}}],"line":99},"12":{"loc":{"start":{"line":104,"column":12},"end":{"line":104,"column":null}},"type":"if","locations":[{"start":{"line":104,"column":12},"end":{"line":104,"column":null}},{"start":{},"end":{}}],"line":104}},"s":{"0":1,"1":1,"2":1,"3":1,"4":1,"5":1,"6":1,"7":1,"8":1,"9":1,"10":18,"11":18,"12":5,"13":13,"14":13,"15":13,"16":13,"17":12,"18":1,"19":1,"20":0,"21":0,"22":1,"23":16,"24":16,"25":3,"26":13,"27":13,"28":13,"29":3,"30":10,"31":10,"32":1,"33":6,"34":6,"35":1,"36":5,"37":5,"38":6,"39":1,"40":5,"41":5,"42":5,"43":3,"44":1},"f":{"0":1,"1":1,"2":1,"3":18,"4":16,"5":6},"b":{"0":[1,1],"1":[1,1],"2":[1,0],"3":[5,13],"4":[1,0],"5":[1,1,0],"6":[3,13],"7":[3,10],"8":[13,12],"9":[1,5],"10":[5,0],"11":[5,5],"12":[1,5]},"meta":{"lastBranch":13,"lastFunction":6,"lastStatement":45,"seen":{"s:8:21:8:Infinity":0,"b:8:21:8:57:8:57:8:Infinity":0,"s:9:19:9:Infinity":1,"b:9:19:9:45:9:45:9:Infinity":1,"s:12:19:15:Infinity":2,"f:17:22:17:63":0,"s:18:10:20:Infinity":3,"s:23:4:25:Infinity":4,"b:24:39:24:45:24:45:24:Infinity":2,"s:28:4:30:Infinity":5,"f:28:26:28:38":1,"s:29:8:29:Infinity":6,"s:33:4:35:Infinity":7,"f:33:20:33:32":2,"s:34:8:34:Infinity":8,"s:38:4:63:Infinity":9,"f:38:29:38:36":3,"s:39:23:39:Infinity":10,"b:40:8:42:Infinity:undefined:undefined:undefined:undefined":3,"s:40:8:42:Infinity":11,"s:41:12:41:Infinity":12,"s:44:39:44:Infinity":13,"s:45:30:45:Infinity":14,"s:47:8:62:Infinity":15,"s:48:27:52:Infinity":16,"s:54:12:54:Infinity":17,"b:57:12:59:Infinity:undefined:undefined:undefined:undefined":4,"s:57:12:59:Infinity":18,"b:57:16:57:40:57:40:57:76:57:76:57:120":5,"s:58:16:58:Infinity":19,"s:60:12:60:Infinity":20,"s:61:12:61:Infinity":21,"s:66:4:86:Infinity":22,"f:66:26:66:33":4,"s:67:23:67:Infinity":23,"b:68:8:70:Infinity:undefined:undefined:undefined:undefined":6,"s:68:8:70:Infinity":24,"s:69:12:69:Infinity":25,"s:72:39:72:Infinity":26,"s:74:21:74:Infinity":27,"b:75:8:77:Infinity:undefined:undefined:undefined:undefined":7,"s:75:8:77:Infinity":28,"b:75:12:75:21:75:21:75:76":8,"s:76:12:76:Infinity":29,"s:79:22:83:Infinity":30,"s:85:8:85:Infinity":31,"s:89:4:113:Infinity":32,"f:92:17:92:24":5,"s:96:31:96:Infinity":33,"b:97:12:102:Infinity:99:12:102:Infinity":9,"s:97:12:102:Infinity":34,"s:98:16:98:Infinity":35,"b:99:12:102:Infinity:undefined:undefined:undefined:undefined":10,"s:99:12:102:Infinity":36,"b:99:23:99:40:99:40:99:68":11,"s:101:16:101:Infinity":37,"b:104:12:104:Infinity:undefined:undefined:undefined:undefined":12,"s:104:12:104:Infinity":38,"s:104:24:104:Infinity":39,"s:106:12:111:Infinity":40,"s:107:32:107:Infinity":41,"s:108:16:108:Infinity":42,"s:110:16:110:Infinity":43,"s:115:4:115:Infinity":44}}}
}
